<?xml version="1.0" encoding="UTF-8"?>
<testsuite name="CarServiceTest" tests="1" skipped="0" failures="0" errors="0" timestamp="2020-12-21T10:59:44" hostname="GHOUL.local" time="0.017">
  <properties/>
  <testcase name="addNewCarToClient" classname="CarServiceTest" time="0.017"/>
  <system-out><![CDATA[]]></system-out>
  <system-err><![CDATA[]]></system-err>
</testsuite>
